[Error: ENOENT: no such file or directory, stat 'C:\BrandOps\BrandOps-new\.next\cache\webpack\client-development\2.pack.gz'] {
  errno: -4058,
  code: 'ENOENT',
  syscall: 'stat',
  path: 'C:\\BrandOps\\BrandOps-new\\.next\\cache\\webpack\\client-development\\2.pack.gz'
}
 ⨯ unhandledRejection: [Error: ENOENT: no such file or directory, stat 'C:\BrandOps\BrandOps-new\.next\cache\webpack\client-development\2.pack.gz'] {
  errno: -4058,
  code: 'ENOENT',
  syscall: 'stat',
  path: 'C:\\BrandOps\\BrandOps-new\\.next\\cache\\webpack\\client-development\\2.pack.gz'
}
 ⨯ unhandledRejection:  [Error: ENOENT: no such file or directory, stat 'C:\BrandOps\BrandOps-new\.next\cache\webpack\client-development\2.pack.gz'] {
  errno: -4058,
  code: 'ENOENT',
  syscall: 'stat',
  path: 'C:\\BrandOps\\BrandOps-new\\.next\\cache\\webpack\\client-development\\2.pack.gz'
}
<w> [webpack.cache.PackFileCacheStrategy] Caching failed for pack: Error: ENOENT: no such file or directory, stat 'C:\BrandOps\BrandOps-new\.next\cache\webpack\client-development\2.pack.gz'
[Error: ENOENT: no such file or directory, stat 'C:\BrandOps\BrandOps-new\.next\cache\webpack\server-development\2.pack.gz'] {
  errno: -4058,
  code: 'ENOENT',
  syscall: 'stat',
  path: 'C:\\BrandOps\\BrandOps-new\\.next\\cache\\webpack\\server-development\\2.pack.gz'
}
 ⨯ unhandledRejection: [Error: ENOENT: no such file or directory, stat 'C:\BrandOps\BrandOps-new\.next\cache\webpack\server-development\2.pack.gz'] {
  errno: -4058,
  code: 'ENOENT',
  syscall: 'stat',
  path: 'C:\\BrandOps\\BrandOps-new\\.next\\cache\\webpack\\server-development\\2.pack.gz'
}
 ⨯ unhandledRejection:  [Error: ENOENT: no such file or directory, stat 'C:\BrandOps\BrandOps-new\.next\cache\webpack\server-development\2.pack.gz'] {
  errno: -4058,
  code: 'ENOENT',
  syscall: 'stat',
  path: 'C:\\BrandOps\\BrandOps-new\\.next\\cache\\webpack\\server-development\\2.pack.gz'
}
<w> [webpack.cache.PackFileCacheStrategy] Caching failed for pack: Error: ENOENT: no such file or directory, stat 'C:\BrandOps\BrandOps-new\.next\cache\webpack\server-development\2.pack.gz'
 ⨯ Error: Cannot find module './638.js'
Require stack:
- C:\BrandOps\BrandOps-new\.next\server\webpack-runtime.js
- C:\BrandOps\BrandOps-new\.next\server\app\login\page.js
- C:\BrandOps\BrandOps-new\node_modules\next\dist\server\require.js
- C:\BrandOps\BrandOps-new\node_modules\next\dist\server\load-components.js
- C:\BrandOps\BrandOps-new\node_modules\next\dist\build\utils.js
- C:\BrandOps\BrandOps-new\node_modules\next\dist\build\swc\options.js
- C:\BrandOps\BrandOps-new\node_modules\next\dist\build\swc\index.js
- C:\BrandOps\BrandOps-new\node_modules\next\dist\build\next-config-ts\transpile-config.js
- C:\BrandOps\BrandOps-new\node_modules\next\dist\server\config.js
- C:\BrandOps\BrandOps-new\node_modules\next\dist\server\next.js
- C:\BrandOps\BrandOps-new\node_modules\next\dist\server\lib\start-server.js
    at __webpack_require__.f.require (C:\BrandOps\BrandOps-new\.next\server\webpack-runtime.js:198:28)
    at <unknown> (C:\BrandOps\BrandOps-new\.next\server\webpack-runtime.js:111:40)
    at Array.reduce (<anonymous>)
    at __webpack_require__.e (C:\BrandOps\BrandOps-new\.next\server\webpack-runtime.js:110:67)
    at Array.map (<anonymous>)
    at __webpack_require__.X (C:\BrandOps\BrandOps-new\.next\server\webpack-runtime.js:162:22)
    at <unknown> (C:\BrandOps\BrandOps-new\.next\server\app\_not-found\page.js:1:2309)
    at Object.<anonymous> (C:\BrandOps\BrandOps-new\.next\server\app\_not-found\page.js:1:2361) {
  code: 'MODULE_NOT_FOUND',
  requireStack: [Array]
}
