 ⨯ [Error: Cannot find module './vendor-chunks/next.js'
Require stack:
- C:\BrandOps\BrandOps-new\.next\server\webpack-runtime.js
- C:\BrandOps\BrandOps-new\.next\server\pages\_document.js
- C:\BrandOps\BrandOps-new\node_modules\next\dist\server\require.js
- C:\BrandOps\BrandOps-new\node_modules\next\dist\server\load-components.js
- C:\BrandOps\BrandOps-new\node_modules\next\dist\build\utils.js
- C:\BrandOps\BrandOps-new\node_modules\next\dist\build\swc\options.js
- C:\BrandOps\BrandOps-new\node_modules\next\dist\build\swc\index.js
- C:\BrandOps\BrandOps-new\node_modules\next\dist\build\next-config-ts\transpile-config.js
- C:\BrandOps\BrandOps-new\node_modules\next\dist\server\config.js
- C:\BrandOps\BrandOps-new\node_modules\next\dist\cli\next-test.js
- C:\BrandOps\BrandOps-new\node_modules\next\dist\bin\next] {
  code: 'MODULE_NOT_FOUND',
  requireStack: [Array]
}
 ⨯ [Error: Cannot find module './7627.js'
Require stack:
- C:\BrandOps\BrandOps-new\.next\server\webpack-runtime.js
- C:\BrandOps\BrandOps-new\.next\server\pages\_document.js
- C:\BrandOps\BrandOps-new\node_modules\next\dist\server\require.js
- C:\BrandOps\BrandOps-new\node_modules\next\dist\server\load-components.js
- C:\BrandOps\BrandOps-new\node_modules\next\dist\build\utils.js
- C:\BrandOps\BrandOps-new\node_modules\next\dist\build\swc\options.js
- C:\BrandOps\BrandOps-new\node_modules\next\dist\build\swc\index.js
- C:\BrandOps\BrandOps-new\node_modules\next\dist\build\next-config-ts\transpile-config.js
- C:\BrandOps\BrandOps-new\node_modules\next\dist\server\config.js
- C:\BrandOps\BrandOps-new\node_modules\next\dist\cli\next-test.js
- C:\BrandOps\BrandOps-new\node_modules\next\dist\bin\next] {
  code: 'MODULE_NOT_FOUND',
  requireStack: [Array]
}
 ⨯ [Error: Cannot find module './vendor-chunks/next.js'
Require stack:
- C:\BrandOps\BrandOps-new\.next\server\webpack-runtime.js
- C:\BrandOps\BrandOps-new\.next\server\pages\_document.js
- C:\BrandOps\BrandOps-new\node_modules\next\dist\server\require.js
- C:\BrandOps\BrandOps-new\node_modules\next\dist\server\load-components.js
- C:\BrandOps\BrandOps-new\node_modules\next\dist\build\utils.js
- C:\BrandOps\BrandOps-new\node_modules\next\dist\build\swc\options.js
- C:\BrandOps\BrandOps-new\node_modules\next\dist\build\swc\index.js
- C:\BrandOps\BrandOps-new\node_modules\next\dist\build\next-config-ts\transpile-config.js
- C:\BrandOps\BrandOps-new\node_modules\next\dist\server\config.js
- C:\BrandOps\BrandOps-new\node_modules\next\dist\cli\next-test.js
- C:\BrandOps\BrandOps-new\node_modules\next\dist\bin\next] {
  code: 'MODULE_NOT_FOUND',
  requireStack: [Array]
}
 ⨯ [Error: ENOENT: no such file or directory, open 'C:\BrandOps\BrandOps-new\.next\server\app\login\page.js'] {
  errno: -4058,
  code: 'ENOENT',
  syscall: 'open',
  path: 'C:\\BrandOps\\BrandOps-new\\.next\\server\\app\\login\\page.js'
}
 ⨯ [Error: ENOENT: no such file or directory, open 'C:\BrandOps\BrandOps-new\.next\server\pages\_document.js'] {
  errno: -4058,
  code: 'ENOENT',
  syscall: 'open',
  path: 'C:\\BrandOps\\BrandOps-new\\.next\\server\\pages\\_document.js'
}
