 ⨯ ./components/AtlasControlTowerHome.tsx
Error: Failed to read source code from C:\BrandOps\BrandOps-new\components\AtlasControlTowerHome.tsx

Caused by:
    O sistema não pode encontrar o arquivo especificado. (os error 2)

Import trace for requested module:
./components/AtlasControlTowerHome.tsx
./app/(app)/dashboard/page.tsx
 ⨯ ./components/AtlasAnalystPanel.tsx
Error: Failed to read source code from C:\BrandOps\BrandOps-new\components\AtlasAnalystPanel.tsx

Caused by:
    O sistema não pode encontrar o arquivo especificado. (os error 2)

Import trace for requested module:
./components/AtlasAnalystPanel.tsx
./components/AtlasControlTowerHome.tsx
./app/(app)/dashboard/page.tsx
 ⨯ ./components/AtlasAnalystPanel.tsx
Error:   [31mx[0m Expected '}', got '<eof>'
     ,-[[36;1;4mC:\BrandOps\BrandOps-new\components\AtlasAnalystPanel.tsx[0m:182:1]
 [2m179[0m |   const primaryRisk = getPrimaryRisk(latestEntry);
 [2m180[0m |   const primaryOpportunity = latestEntry?.followUps[0] ?? latestEntry?.actions[1] ?? quickPrompts[0] ?? null;
 [2m181[0m |   const evidencePreview = latestEntry?.evidence.slice(0, 3) ?? [];
 [2m182[0m |   const recentMemory = history.slice(0, isCommandCenter ? 3 : 6);
     : [35;1m                                                                ^[0m
     `----

Caused by:
    Syntax Error

Import trace for requested module:
./components/AtlasAnalystPanel.tsx
./components/AtlasControlTowerHome.tsx
./app/(app)/dashboard/page.tsx
 ⨯ ./components/AtlasAnalystPanel.tsx
Error:   [31mx[0m Expected '}', got '<eof>'
     ,-[[36;1;4mC:\BrandOps\BrandOps-new\components\AtlasAnalystPanel.tsx[0m:331:1]
 [2m328[0m |     } finally {
 [2m329[0m |       setIsSavingFeedback(false);
 [2m330[0m |     }
 [2m331[0m |   }
     : [35;1m  ^[0m
     `----

Caused by:
    Syntax Error

Import trace for requested module:
./components/AtlasAnalystPanel.tsx
./components/AtlasControlTowerHome.tsx
./app/(app)/dashboard/page.tsx
 ⨯ ./components/AtlasAnalystPanel.tsx
Error:   [31mx[0m Unexpected token `div`. Expected jsx identifier
     ,-[[36;1;4mC:\BrandOps\BrandOps-new\components\AtlasAnalystPanel.tsx[0m:436:1]
 [2m433[0m |       "Use um dos cortes prontos abaixo para abrir a próxima leitura do Atlas.";
 [2m434[0m | 
 [2m435[0m |     return (
 [2m436[0m |       <div className="space-y-4">
     : [35;1m       ^^^[0m
 [2m437[0m |         {!isAgentConfigured ? (
 [2m438[0m |           <div className="rounded-2xl border border-warning/25 bg-warning/10 px-3 py-3 text-[11px] leading-5 text-on-surface-variant">
 [2m439[0m |             <p className="font-semibold text-on-surface">
     `----

Caused by:
    Syntax Error

Import trace for requested module:
./components/AtlasAnalystPanel.tsx
./components/AtlasControlTowerHome.tsx
./app/(app)/dashboard/page.tsx
 ⨯ ./components/AtlasAnalystPanel.tsx
Error:   [31mx[0m Expected '}', got '<eof>'
     ,-[[36;1;4mC:\BrandOps\BrandOps-new\components\AtlasAnalystPanel.tsx[0m:789:1]
 [2m786[0m |         )}
 [2m787[0m |       </div>
 [2m788[0m |     );
 [2m789[0m |   }
     : [35;1m  ^[0m
     `----

Caused by:
    Syntax Error

Import trace for requested module:
./components/AtlasAnalystPanel.tsx
./components/AtlasControlTowerHome.tsx
./app/(app)/dashboard/page.tsx
 ⨯ ./components/AtlasAnalystPanel.tsx
Error:   [31mx[0m Expected ';', '}' or <eof>
      ,-[[36;1;4mC:\BrandOps\BrandOps-new\components\AtlasAnalystPanel.tsx[0m:1056:1]
 [2m1053[0m |       );
 [2m1054[0m |     }
 [2m1055[0m |     
 [2m1056[0m | [35;1m,[0m[35;1m-[0m[35;1m>[0m             <details className="atlas-soft-section overflow-hidden p-0">
 [2m1057[0m | [35;1m|[0m                 <summary className="atlas-disclosure-summary px-3 py-3">
 [2m1058[0m | [35;1m|[0m                   <span className="min-w-0">
 [2m1059[0m | [35;1m|[0m                     <span className="block text-[10px] font-semibold uppercase tracking-[0.18em] text-ink-muted">
 [2m1060[0m | [35;1m|[0m                       Lente do Atlas
 [2m1061[0m | [35;1m|[0m                     </span>
 [2m1062[0m | [35;1m|[0m                     <span className="mt-1 block text-[12px] font-semibold text-on-surface">
 [2m1063[0m | [35;1m|[0m                       {skill === "auto" ? `Auto com base ${defaultSkillLabel}` : `Lente ${getSkillLabel(skill)}`}
 [2m1064[0m | [35;1m|[0m                     </span>
 [2m1065[0m | [35;1m|[0m                   </span>
 [2m1066[0m | [35;1m|[0m                   <ChevronDown size={14} className="atlas-disclosure-icon text-ink-muted" />
 [2m1067[0m | [35;1m|[0m                 </summary>
 [2m1068[0m | [35;1m|[0m                 <div className="border-t border-outline/60 px-3 py-3">
 [2m1069[0m | [35;1m|[0m                   <div className="flex flex-wrap gap-2">
 [2m1070[0m | [35;1m|[0m                     {SKILL_OPTIONS.map((option) => (
 [2m1071[0m | [35;1m|[0m                       <button
 [2m1072[0m | [35;1m|[0m                         key={option.value}
 [2m1073[0m | [35;1m|[0m                         type="button"
 [2m1074[0m | [35;1m|[0m                         onClick={() => setSkill(option.value)}
 [2m1075[0m | [35;1m|[0m                         disabled={isDisabled || isPending}
 [2m1076[0m | [35;1m|[0m                         className="atlas-soft-pill shrink-0 disabled:cursor-not-allowed disabled:opacity-60"
 [2m1077[0m | [35;1m|[0m                         data-emphasis={skill === option.value ? "active" : undefined}
 [2m1078[0m | [35;1m|[0m                         data-interactive="true"
 [2m1079[0m | [35;1m|[0m                       >
 [2m1080[0m | [35;1m|[0m                         {option.label}
 [2m1081[0m | [35;1m|[0m                       </button>
 [2m1082[0m | [35;1m|[0m                     ))}
 [2m1083[0m | [35;1m|[0m                   </div>
 [2m1084[0m | [35;1m|[0m                   <p className="mt-3 text-[11px] leading-5 text-on-surface-variant">
 [2m1085[0m | [35;1m|[0m                     O Atlas continua read-only. Configuração profunda, playbook e janela estratégica ficam em{" "}
 [2m1086[0m | [35;1m|[0m                     <Link href={APP_ROUTES.settingsAtlasAi} prefetch={false} className="text-secondary hover:underline">
 [2m1087[0m | [35;1m|[0m                       Configurações
 [2m1088[0m | [35;1m|[0m                     </Link>
 [2m1089[0m | [35;1m|[0m                     .
 [2m1090[0m | [35;1m|[0m                   </p>
 [2m1091[0m | [35;1m|[0m                 </div>
 [2m1092[0m | [35;1m|[0m               </details>
 [2m1093[0m | [35;1m|[0m   
 [2m1094[0m | [35;1m|[0m[35;1m-[0m[35;1m>[0m             <section className="atlas-soft-section p-4">
      : [35;1m`[0m[35;1m---[0m[33;1m                     ^^^^^^^^^[0m
      : [35;1m`[0m[35;1m---[0m[35;1m-[0m [35;1mThis is the expression part of an expression statement[0m
 [2m1095[0m |                   <div className="grid gap-3 lg:grid-cols-[minmax(0,1fr)_auto] lg:items-end">
 [2m1096[0m |                     <div className="space-y-2">
 [2m1097[0m |                       <textarea
      `----

Caused by:
    Syntax Error

Import trace for requested module:
./components/AtlasAnalystPanel.tsx
./components/AtlasControlTowerHome.tsx
./app/(app)/dashboard/page.tsx
 ⨯ ./components/AtlasAnalystPanel.tsx
Error: Failed to read source code from C:\BrandOps\BrandOps-new\components\AtlasAnalystPanel.tsx

Caused by:
    O sistema não pode encontrar o arquivo especificado. (os error 2)

Import trace for requested module:
./components/AtlasAnalystPanel.tsx
./components/AtlasControlTowerHome.tsx
./app/(app)/dashboard/page.tsx
 ⨯ ./components/AtlasControlTowerHome.tsx:7:1
Module not found: Can't resolve './AtlasAnalystPanel'
   5 | import { ArrowUpRight, Radar } from "lucide-react";
   6 | import { useBrandOps } from "./BrandOpsProvider";
>  7 | import { AtlasAnalystPanel } from "./AtlasAnalystPanel";
     | ^
   8 | import { InfoHint, SectionHeading, StackItem, SurfaceCard } from "./ui-shell";
   9 | import { useSanitizationPendingCount } from "@/hooks/use-sanitization-summary";
  10 | import { ATLAS_GEMINI_DEFAULT_MODEL } from "@/lib/brandops/ai/model-policy";

https://nextjs.org/docs/messages/module-not-found

Import trace for requested module:
./app/(app)/dashboard/page.tsx
 ⨯ ./components/AtlasControlTowerHome.tsx:7:1
Module not found: Can't resolve './AtlasAnalystPanel'
   5 | import { ArrowUpRight, Radar } from "lucide-react";
   6 | import { useBrandOps } from "./BrandOpsProvider";
>  7 | import { AtlasAnalystPanel } from "./AtlasAnalystPanel";
     | ^
   8 | import { InfoHint, SectionHeading, StackItem, SurfaceCard } from "./ui-shell";
   9 | import { useSanitizationPendingCount } from "@/hooks/use-sanitization-summary";
  10 | import { ATLAS_GEMINI_DEFAULT_MODEL } from "@/lib/brandops/ai/model-policy";

https://nextjs.org/docs/messages/module-not-found

Import trace for requested module:
./app/(app)/dashboard/page.tsx
 ⨯ ./components/AtlasControlTowerHome.tsx:7:1
Module not found: Can't resolve './AtlasAnalystPanel'
   5 | import { ArrowUpRight, Radar } from "lucide-react";
   6 | import { useBrandOps } from "./BrandOpsProvider";
>  7 | import { AtlasAnalystPanel } from "./AtlasAnalystPanel";
     | ^
   8 | import { InfoHint, SectionHeading, StackItem, SurfaceCard } from "./ui-shell";
   9 | import { useSanitizationPendingCount } from "@/hooks/use-sanitization-summary";
  10 | import { ATLAS_GEMINI_DEFAULT_MODEL } from "@/lib/brandops/ai/model-policy";

https://nextjs.org/docs/messages/module-not-found

Import trace for requested module:
./app/(app)/dashboard/page.tsx
 ⨯ ./components/AtlasAnalystPanel.tsx
Error: Failed to read source code from C:\BrandOps\BrandOps-new\components\AtlasAnalystPanel.tsx

Caused by:
    O sistema não pode encontrar o arquivo especificado. (os error 2)

Import trace for requested module:
./components/AtlasAnalystPanel.tsx
./components/AtlasControlTowerHome.tsx
./app/(app)/dashboard/page.tsx
<w> [webpack.cache.PackFileCacheStrategy] Caching failed for pack: Error: ENOENT: no such file or directory, rename 'C:\BrandOps\BrandOps-new\.next\cache\webpack\client-development-fallback\0.pack.gz_' -> 'C:\BrandOps\BrandOps-new\.next\cache\webpack\client-development-fallback\0.pack.gz'
